2015-01-03 21:17:53.717 Photo-Share[46064:3364553] DiskCookieStorage changing policy from 2 to 0, cookie file: file:///Users/nicknance/Library/Developer/CoreSimulator/Devices/C152B3D8-E152-4D43-8DB6-732987123926/data/Containers/Data/Application/B8A4F510-FA21-4B6E-8C9F-7A95557060CE/Library/Cookies/Cookies.binarycookies
2015-01-03 21:17:54.001 Photo-Share[46064:3364553] Apache Cordova native platform version 3.7.0 is starting.
2015-01-03 21:17:54.001 Photo-Share[46064:3364553] Multi-tasking -> Device: YES, App: YES
2015-01-03 21:17:54.018 Photo-Share[46064:3364553] Unlimited access to network resources
2015-01-03 21:17:54.028 Photo-Share[46064:3364553] 

Started backup to iCloud! Please be careful.
Your application might be rejected by Apple if you store too much data.
For more information please read "iOS Data Storage Guidelines" at:
https://developer.apple.com/icloud/documentation/data-storage/
To disable web storage backup to iCloud, set the BackupWebStorage preference to "local" in the Cordova config.xml file

2015-01-03 21:17:55.245 Photo-Share[46064:3364553] Resetting plugins due to page load.
2015-01-03 21:17:55.381 Photo-Share[46064:3364553] Finished load of: file:///Users/nicknance/Library/Developer/CoreSimulator/Devices/C152B3D8-E152-4D43-8DB6-732987123926/data/Containers/Bundle/Application/8F6673A6-AD96-4673-891A-F24A091F294D/Photo-Share.app/www/index.html
2015-01-03 21:39:12.955 Photo-Share[46685:3374664] DiskCookieStorage changing policy from 2 to 0, cookie file: file:///Users/nicknance/Library/Developer/CoreSimulator/Devices/C152B3D8-E152-4D43-8DB6-732987123926/data/Containers/Data/Application/A111CE26-0F4F-49B4-A9A2-AF881C53A932/Library/Cookies/Cookies.binarycookies
2015-01-03 21:39:13.178 Photo-Share[46685:3374664] Apache Cordova native platform version 3.7.0 is starting.
2015-01-03 21:39:13.178 Photo-Share[46685:3374664] Multi-tasking -> Device: YES, App: YES
2015-01-03 21:39:13.183 Photo-Share[46685:3374664] Unlimited access to network resources
2015-01-03 21:39:13.194 Photo-Share[46685:3374664] 

Started backup to iCloud! Please be careful.
Your application might be rejected by Apple if you store too much data.
For more information please read "iOS Data Storage Guidelines" at:
https://developer.apple.com/icloud/documentation/data-storage/
To disable web storage backup to iCloud, set the BackupWebStorage preference to "local" in the Cordova config.xml file

2015-01-03 21:39:13.449 Photo-Share[46685:3374664] Resetting plugins due to page load.
2015-01-03 21:39:13.518 Photo-Share[46685:3374664] Finished load of: file:///Users/nicknance/Library/Developer/CoreSimulator/Devices/C152B3D8-E152-4D43-8DB6-732987123926/data/Containers/Bundle/Application/03176988-1BF7-4BE2-BF69-A2B8354675CB/Photo-Share.app/www/index.html
2015-01-03 21:39:27.612 Photo-Share[46685:3374664] Resetting plugins due to page load.
2015-01-03 21:39:27.760 Photo-Share[46685:3374664] Finished load of: file:///Users/nicknance/Library/Developer/CoreSimulator/Devices/C152B3D8-E152-4D43-8DB6-732987123926/data/Containers/Bundle/Application/03176988-1BF7-4BE2-BF69-A2B8354675CB/Photo-Share.app/www/styleguide.html
